[0.080s] DEBUG:colcon:Command line arguments: ['/usr/bin/colcon', 'build']
[0.080s] DEBUG:colcon:Parsed command line arguments: Namespace(log_base=None, log_level=None, verb_name='build', build_base='build', install_base='install', merge_install=False, symlink_install=False, test_result_base=None, continue_on_error=False, executor='parallel', parallel_workers=18, event_handlers=None, ignore_user_meta=False, metas=['./colcon.meta'], base_paths=['.'], packages_ignore=None, packages_ignore_regex=None, paths=None, packages_up_to=None, packages_up_to_regex=None, packages_above=None, packages_above_and_dependencies=None, packages_above_depth=None, packages_select_by_dep=None, packages_skip_by_dep=None, packages_skip_up_to=None, packages_select_build_failed=False, packages_skip_build_finished=False, packages_select_test_failures=False, packages_skip_test_passed=False, packages_select=None, packages_skip=None, packages_select_regex=None, packages_skip_regex=None, packages_start=None, packages_end=None, allow_overriding=[], cmake_args=None, cmake_target=None, cmake_target_skip_unavailable=False, cmake_clean_cache=False, cmake_clean_first=False, cmake_force_configure=False, ament_cmake_args=None, catkin_cmake_args=None, catkin_skip_building_tests=False, verb_parser=<colcon_defaults.argument_parser.defaults.DefaultArgumentsDecorator object at 0x74a1f3c781f0>, verb_extension=<colcon_core.verb.build.BuildVerb object at 0x74a1f3d895d0>, main=<bound method BuildVerb.main of <colcon_core.verb.build.BuildVerb object at 0x74a1f3d895d0>>)
[0.213s] Level 1:colcon.colcon_core.package_discovery:discover_packages(colcon_meta) check parameters
[0.213s] Level 1:colcon.colcon_core.package_discovery:discover_packages(recursive) check parameters
[0.213s] Level 1:colcon.colcon_core.package_discovery:discover_packages(ignore) check parameters
[0.213s] Level 1:colcon.colcon_core.package_discovery:discover_packages(path) check parameters
[0.213s] Level 1:colcon.colcon_core.package_discovery:discover_packages(colcon_meta) discover
[0.213s] Level 1:colcon.colcon_core.package_discovery:discover_packages(recursive) discover
[0.213s] INFO:colcon.colcon_core.package_discovery:Crawling recursively for packages in '/home/hri01/ws'
[0.213s] Level 1:colcon.colcon_core.package_identification:_identify(.) by extensions ['ignore', 'ignore_ament_install']
[0.214s] Level 1:colcon.colcon_core.package_identification:_identify(.) by extension 'ignore'
[0.214s] Level 1:colcon.colcon_core.package_identification:_identify(.) by extension 'ignore_ament_install'
[0.214s] Level 1:colcon.colcon_core.package_identification:_identify(.) by extensions ['colcon_pkg']
[0.214s] Level 1:colcon.colcon_core.package_identification:_identify(.) by extension 'colcon_pkg'
[0.214s] Level 1:colcon.colcon_core.package_identification:_identify(.) by extensions ['colcon_meta']
[0.214s] Level 1:colcon.colcon_core.package_identification:_identify(.) by extension 'colcon_meta'
[0.214s] Level 1:colcon.colcon_core.package_identification:_identify(.) by extensions ['ros']
[0.214s] Level 1:colcon.colcon_core.package_identification:_identify(.) by extension 'ros'
[0.222s] DEBUG:colcon.colcon_core.package_identification:Package '.' with type 'ros.ament_cmake' and name 'laser_to_pointcloud'
[0.222s] Level 1:colcon.colcon_core.package_discovery:discover_packages(recursive) using defaults
[0.222s] Level 1:colcon.colcon_core.package_discovery:discover_packages(ignore) discover
[0.222s] Level 1:colcon.colcon_core.package_discovery:discover_packages(ignore) using defaults
[0.222s] Level 1:colcon.colcon_core.package_discovery:discover_packages(path) discover
[0.223s] Level 1:colcon.colcon_core.package_discovery:discover_packages(path) using defaults
[0.254s] Level 1:colcon.colcon_core.package_discovery:discover_packages(prefix_path) check parameters
[0.254s] Level 1:colcon.colcon_core.package_discovery:discover_packages(prefix_path) discover
[0.257s] DEBUG:colcon.colcon_installed_package_information.package_discovery:Found 35 installed packages in /home/hri01/robot_ws/install
[0.258s] DEBUG:colcon.colcon_installed_package_information.package_discovery:Found 337 installed packages in /opt/ros/humble
[0.260s] Level 1:colcon.colcon_core.package_discovery:discover_packages(prefix_path) using defaults
[0.303s] Level 5:colcon.colcon_core.verb:set package 'laser_to_pointcloud' build argument 'cmake_args' from command line to 'None'
[0.303s] Level 5:colcon.colcon_core.verb:set package 'laser_to_pointcloud' build argument 'cmake_target' from command line to 'None'
[0.303s] Level 5:colcon.colcon_core.verb:set package 'laser_to_pointcloud' build argument 'cmake_target_skip_unavailable' from command line to 'False'
[0.303s] Level 5:colcon.colcon_core.verb:set package 'laser_to_pointcloud' build argument 'cmake_clean_cache' from command line to 'False'
[0.303s] Level 5:colcon.colcon_core.verb:set package 'laser_to_pointcloud' build argument 'cmake_clean_first' from command line to 'False'
[0.303s] Level 5:colcon.colcon_core.verb:set package 'laser_to_pointcloud' build argument 'cmake_force_configure' from command line to 'False'
[0.303s] Level 5:colcon.colcon_core.verb:set package 'laser_to_pointcloud' build argument 'ament_cmake_args' from command line to 'None'
[0.303s] Level 5:colcon.colcon_core.verb:set package 'laser_to_pointcloud' build argument 'catkin_cmake_args' from command line to 'None'
[0.303s] Level 5:colcon.colcon_core.verb:set package 'laser_to_pointcloud' build argument 'catkin_skip_building_tests' from command line to 'False'
[0.303s] DEBUG:colcon.colcon_core.verb:Building package 'laser_to_pointcloud' with the following arguments: {'ament_cmake_args': None, 'build_base': '/home/hri01/ws/build/laser_to_pointcloud', 'catkin_cmake_args': None, 'catkin_skip_building_tests': False, 'cmake_args': None, 'cmake_clean_cache': False, 'cmake_clean_first': False, 'cmake_force_configure': False, 'cmake_target': None, 'cmake_target_skip_unavailable': False, 'install_base': '/home/hri01/ws/install/laser_to_pointcloud', 'merge_install': False, 'path': '/home/hri01/ws', 'symlink_install': False, 'test_result_base': None}
[0.304s] INFO:colcon.colcon_core.executor:Executing jobs using 'parallel' executor
[0.304s] DEBUG:colcon.colcon_parallel_executor.executor.parallel:run_until_complete
[0.304s] INFO:colcon.colcon_ros.task.ament_cmake.build:Building ROS package in '/home/hri01/ws' with build type 'ament_cmake'
[0.305s] INFO:colcon.colcon_cmake.task.cmake.build:Building CMake package in '/home/hri01/ws'
[0.306s] INFO:colcon.colcon_core.plugin_system:Skipping extension 'colcon_core.shell.bat': Not used on non-Windows systems
[0.306s] INFO:colcon.colcon_core.shell:Skip shell extension 'powershell' for command environment: Not usable outside of PowerShell
[0.306s] DEBUG:colcon.colcon_core.shell:Skip shell extension 'dsv' for command environment
[0.313s] DEBUG:colcon.colcon_core.event_handler.log_command:Invoking command in '/home/hri01/ws/build/laser_to_pointcloud': CMAKE_PREFIX_PATH=${CMAKE_PREFIX_PATH}:/home/hri01/robot_ws/install/uart_sdk:/home/hri01/robot_ws/install/topic_pkg:/home/hri01/robot_ws/install/safety_limiter:/home/hri01/robot_ws/install/learning_urdf:/home/hri01/robot_ws/install/learning_topic:/home/hri01/robot_ws/install/learning_tf:/home/hri01/robot_ws/install/learning_service:/home/hri01/robot_ws/install/learning_qos:/home/hri01/robot_ws/install/learning_pkg_python:/home/hri01/robot_ws/install/learning_parameter:/home/hri01/robot_ws/install/learning_node:/home/hri01/robot_ws/install/learning_launch:/home/hri01/robot_ws/install/learning_action:/home/hri01/robot_ws/install/learning_gazebo_harmonic:/home/hri01/robot_ws/install/learning_gazebo:/home/hri01/robot_ws/install/learning_cv:/home/hri01/robot_ws/install/eye_expression_pkg:/opt/ros/humble /usr/bin/cmake /home/hri01/ws -DCMAKE_INSTALL_PREFIX=/home/hri01/ws/install/laser_to_pointcloud
[1.564s] DEBUG:colcon.colcon_core.event_handler.log_command:Invoked command in '/home/hri01/ws/build/laser_to_pointcloud' returned '0': CMAKE_PREFIX_PATH=${CMAKE_PREFIX_PATH}:/home/hri01/robot_ws/install/uart_sdk:/home/hri01/robot_ws/install/topic_pkg:/home/hri01/robot_ws/install/safety_limiter:/home/hri01/robot_ws/install/learning_urdf:/home/hri01/robot_ws/install/learning_topic:/home/hri01/robot_ws/install/learning_tf:/home/hri01/robot_ws/install/learning_service:/home/hri01/robot_ws/install/learning_qos:/home/hri01/robot_ws/install/learning_pkg_python:/home/hri01/robot_ws/install/learning_parameter:/home/hri01/robot_ws/install/learning_node:/home/hri01/robot_ws/install/learning_launch:/home/hri01/robot_ws/install/learning_action:/home/hri01/robot_ws/install/learning_gazebo_harmonic:/home/hri01/robot_ws/install/learning_gazebo:/home/hri01/robot_ws/install/learning_cv:/home/hri01/robot_ws/install/eye_expression_pkg:/opt/ros/humble /usr/bin/cmake /home/hri01/ws -DCMAKE_INSTALL_PREFIX=/home/hri01/ws/install/laser_to_pointcloud
[1.566s] DEBUG:colcon.colcon_core.event_handler.log_command:Invoking command in '/home/hri01/ws/build/laser_to_pointcloud': CMAKE_PREFIX_PATH=${CMAKE_PREFIX_PATH}:/home/hri01/robot_ws/install/uart_sdk:/home/hri01/robot_ws/install/topic_pkg:/home/hri01/robot_ws/install/safety_limiter:/home/hri01/robot_ws/install/learning_urdf:/home/hri01/robot_ws/install/learning_topic:/home/hri01/robot_ws/install/learning_tf:/home/hri01/robot_ws/install/learning_service:/home/hri01/robot_ws/install/learning_qos:/home/hri01/robot_ws/install/learning_pkg_python:/home/hri01/robot_ws/install/learning_parameter:/home/hri01/robot_ws/install/learning_node:/home/hri01/robot_ws/install/learning_launch:/home/hri01/robot_ws/install/learning_action:/home/hri01/robot_ws/install/learning_gazebo_harmonic:/home/hri01/robot_ws/install/learning_gazebo:/home/hri01/robot_ws/install/learning_cv:/home/hri01/robot_ws/install/eye_expression_pkg:/opt/ros/humble /usr/bin/cmake --build /home/hri01/ws/build/laser_to_pointcloud -- -j18 -l18
[9.487s] DEBUG:colcon.colcon_core.event_handler.log_command:Invoked command in '/home/hri01/ws/build/laser_to_pointcloud' returned '0': CMAKE_PREFIX_PATH=${CMAKE_PREFIX_PATH}:/home/hri01/robot_ws/install/uart_sdk:/home/hri01/robot_ws/install/topic_pkg:/home/hri01/robot_ws/install/safety_limiter:/home/hri01/robot_ws/install/learning_urdf:/home/hri01/robot_ws/install/learning_topic:/home/hri01/robot_ws/install/learning_tf:/home/hri01/robot_ws/install/learning_service:/home/hri01/robot_ws/install/learning_qos:/home/hri01/robot_ws/install/learning_pkg_python:/home/hri01/robot_ws/install/learning_parameter:/home/hri01/robot_ws/install/learning_node:/home/hri01/robot_ws/install/learning_launch:/home/hri01/robot_ws/install/learning_action:/home/hri01/robot_ws/install/learning_gazebo_harmonic:/home/hri01/robot_ws/install/learning_gazebo:/home/hri01/robot_ws/install/learning_cv:/home/hri01/robot_ws/install/eye_expression_pkg:/opt/ros/humble /usr/bin/cmake --build /home/hri01/ws/build/laser_to_pointcloud -- -j18 -l18
[9.500s] DEBUG:colcon.colcon_core.event_handler.log_command:Invoking command in '/home/hri01/ws/build/laser_to_pointcloud': CMAKE_PREFIX_PATH=${CMAKE_PREFIX_PATH}:/home/hri01/robot_ws/install/uart_sdk:/home/hri01/robot_ws/install/topic_pkg:/home/hri01/robot_ws/install/safety_limiter:/home/hri01/robot_ws/install/learning_urdf:/home/hri01/robot_ws/install/learning_topic:/home/hri01/robot_ws/install/learning_tf:/home/hri01/robot_ws/install/learning_service:/home/hri01/robot_ws/install/learning_qos:/home/hri01/robot_ws/install/learning_pkg_python:/home/hri01/robot_ws/install/learning_parameter:/home/hri01/robot_ws/install/learning_node:/home/hri01/robot_ws/install/learning_launch:/home/hri01/robot_ws/install/learning_action:/home/hri01/robot_ws/install/learning_gazebo_harmonic:/home/hri01/robot_ws/install/learning_gazebo:/home/hri01/robot_ws/install/learning_cv:/home/hri01/robot_ws/install/eye_expression_pkg:/opt/ros/humble /usr/bin/cmake --install /home/hri01/ws/build/laser_to_pointcloud
[9.521s] Level 1:colcon.colcon_core.environment:create_environment_scripts_only(laser_to_pointcloud)
[9.522s] DEBUG:colcon.colcon_core.event_handler.log_command:Invoked command in '/home/hri01/ws/build/laser_to_pointcloud' returned '0': CMAKE_PREFIX_PATH=${CMAKE_PREFIX_PATH}:/home/hri01/robot_ws/install/uart_sdk:/home/hri01/robot_ws/install/topic_pkg:/home/hri01/robot_ws/install/safety_limiter:/home/hri01/robot_ws/install/learning_urdf:/home/hri01/robot_ws/install/learning_topic:/home/hri01/robot_ws/install/learning_tf:/home/hri01/robot_ws/install/learning_service:/home/hri01/robot_ws/install/learning_qos:/home/hri01/robot_ws/install/learning_pkg_python:/home/hri01/robot_ws/install/learning_parameter:/home/hri01/robot_ws/install/learning_node:/home/hri01/robot_ws/install/learning_launch:/home/hri01/robot_ws/install/learning_action:/home/hri01/robot_ws/install/learning_gazebo_harmonic:/home/hri01/robot_ws/install/learning_gazebo:/home/hri01/robot_ws/install/learning_cv:/home/hri01/robot_ws/install/eye_expression_pkg:/opt/ros/humble /usr/bin/cmake --install /home/hri01/ws/build/laser_to_pointcloud
[9.524s] Level 1:colcon.colcon_core.environment:checking '/home/hri01/ws/install/laser_to_pointcloud' for CMake module files
[9.525s] Level 1:colcon.colcon_core.environment:checking '/home/hri01/ws/install/laser_to_pointcloud' for CMake config files
[9.525s] Level 1:colcon.colcon_core.shell:create_environment_hook('laser_to_pointcloud', 'cmake_prefix_path')
[9.526s] INFO:colcon.colcon_core.shell:Creating environment hook '/home/hri01/ws/install/laser_to_pointcloud/share/laser_to_pointcloud/hook/cmake_prefix_path.ps1'
[9.526s] INFO:colcon.colcon_core.shell:Creating environment descriptor '/home/hri01/ws/install/laser_to_pointcloud/share/laser_to_pointcloud/hook/cmake_prefix_path.dsv'
[9.527s] INFO:colcon.colcon_core.shell:Creating environment hook '/home/hri01/ws/install/laser_to_pointcloud/share/laser_to_pointcloud/hook/cmake_prefix_path.sh'
[9.528s] Level 1:colcon.colcon_core.environment:checking '/home/hri01/ws/install/laser_to_pointcloud/lib'
[9.528s] Level 1:colcon.colcon_core.environment:checking '/home/hri01/ws/install/laser_to_pointcloud/bin'
[9.529s] Level 1:colcon.colcon_core.environment:checking '/home/hri01/ws/install/laser_to_pointcloud/lib/pkgconfig/laser_to_pointcloud.pc'
[9.529s] Level 1:colcon.colcon_core.environment:checking '/home/hri01/ws/install/laser_to_pointcloud/lib/python3.10/site-packages'
[9.529s] Level 1:colcon.colcon_core.environment:checking '/home/hri01/ws/install/laser_to_pointcloud/bin'
[9.529s] INFO:colcon.colcon_core.shell:Creating package script '/home/hri01/ws/install/laser_to_pointcloud/share/laser_to_pointcloud/package.ps1'
[9.530s] INFO:colcon.colcon_core.shell:Creating package descriptor '/home/hri01/ws/install/laser_to_pointcloud/share/laser_to_pointcloud/package.dsv'
[9.531s] INFO:colcon.colcon_core.shell:Creating package script '/home/hri01/ws/install/laser_to_pointcloud/share/laser_to_pointcloud/package.sh'
[9.532s] INFO:colcon.colcon_core.shell:Creating package script '/home/hri01/ws/install/laser_to_pointcloud/share/laser_to_pointcloud/package.bash'
[9.533s] INFO:colcon.colcon_core.shell:Creating package script '/home/hri01/ws/install/laser_to_pointcloud/share/laser_to_pointcloud/package.zsh'
[9.534s] Level 1:colcon.colcon_core.environment:create_file_with_runtime_dependencies(/home/hri01/ws/install/laser_to_pointcloud/share/colcon-core/packages/laser_to_pointcloud)
[9.534s] Level 1:colcon.colcon_core.environment:create_environment_scripts_only(laser_to_pointcloud)
[9.535s] Level 1:colcon.colcon_core.environment:checking '/home/hri01/ws/install/laser_to_pointcloud' for CMake module files
[9.535s] Level 1:colcon.colcon_core.environment:checking '/home/hri01/ws/install/laser_to_pointcloud' for CMake config files
[9.535s] Level 1:colcon.colcon_core.shell:create_environment_hook('laser_to_pointcloud', 'cmake_prefix_path')
[9.536s] INFO:colcon.colcon_core.shell:Creating environment hook '/home/hri01/ws/install/laser_to_pointcloud/share/laser_to_pointcloud/hook/cmake_prefix_path.ps1'
[9.536s] INFO:colcon.colcon_core.shell:Creating environment descriptor '/home/hri01/ws/install/laser_to_pointcloud/share/laser_to_pointcloud/hook/cmake_prefix_path.dsv'
[9.536s] INFO:colcon.colcon_core.shell:Creating environment hook '/home/hri01/ws/install/laser_to_pointcloud/share/laser_to_pointcloud/hook/cmake_prefix_path.sh'
[9.537s] Level 1:colcon.colcon_core.environment:checking '/home/hri01/ws/install/laser_to_pointcloud/lib'
[9.537s] Level 1:colcon.colcon_core.environment:checking '/home/hri01/ws/install/laser_to_pointcloud/bin'
[9.537s] Level 1:colcon.colcon_core.environment:checking '/home/hri01/ws/install/laser_to_pointcloud/lib/pkgconfig/laser_to_pointcloud.pc'
[9.537s] Level 1:colcon.colcon_core.environment:checking '/home/hri01/ws/install/laser_to_pointcloud/lib/python3.10/site-packages'
[9.537s] Level 1:colcon.colcon_core.environment:checking '/home/hri01/ws/install/laser_to_pointcloud/bin'
[9.538s] INFO:colcon.colcon_core.shell:Creating package script '/home/hri01/ws/install/laser_to_pointcloud/share/laser_to_pointcloud/package.ps1'
[9.538s] INFO:colcon.colcon_core.shell:Creating package descriptor '/home/hri01/ws/install/laser_to_pointcloud/share/laser_to_pointcloud/package.dsv'
[9.539s] INFO:colcon.colcon_core.shell:Creating package script '/home/hri01/ws/install/laser_to_pointcloud/share/laser_to_pointcloud/package.sh'
[9.539s] INFO:colcon.colcon_core.shell:Creating package script '/home/hri01/ws/install/laser_to_pointcloud/share/laser_to_pointcloud/package.bash'
[9.539s] INFO:colcon.colcon_core.shell:Creating package script '/home/hri01/ws/install/laser_to_pointcloud/share/laser_to_pointcloud/package.zsh'
[9.540s] Level 1:colcon.colcon_core.environment:create_file_with_runtime_dependencies(/home/hri01/ws/install/laser_to_pointcloud/share/colcon-core/packages/laser_to_pointcloud)
[9.540s] DEBUG:colcon.colcon_parallel_executor.executor.parallel:closing loop
[9.541s] DEBUG:colcon.colcon_parallel_executor.executor.parallel:loop closed
[9.541s] DEBUG:colcon.colcon_parallel_executor.executor.parallel:run_until_complete finished with '0'
[9.541s] DEBUG:colcon.colcon_core.event_reactor:joining thread
[9.548s] INFO:colcon.colcon_core.plugin_system:Skipping extension 'colcon_notification.desktop_notification.terminal_notifier': Not used on non-Darwin systems
[9.548s] INFO:colcon.colcon_core.plugin_system:Skipping extension 'colcon_notification.desktop_notification.win32': Not used on non-Windows systems
[9.548s] INFO:colcon.colcon_notification.desktop_notification:Sending desktop notification using 'notify2'
[9.594s] DEBUG:colcon.colcon_core.event_reactor:joined thread
[9.594s] INFO:colcon.colcon_core.shell:Creating prefix script '/home/hri01/ws/install/local_setup.ps1'
[9.595s] INFO:colcon.colcon_core.shell:Creating prefix util module '/home/hri01/ws/install/_local_setup_util_ps1.py'
[9.598s] INFO:colcon.colcon_core.shell:Creating prefix chain script '/home/hri01/ws/install/setup.ps1'
[9.601s] INFO:colcon.colcon_core.shell:Creating prefix script '/home/hri01/ws/install/local_setup.sh'
[9.602s] INFO:colcon.colcon_core.shell:Creating prefix util module '/home/hri01/ws/install/_local_setup_util_sh.py'
[9.603s] INFO:colcon.colcon_core.shell:Creating prefix chain script '/home/hri01/ws/install/setup.sh'
[9.608s] INFO:colcon.colcon_core.shell:Creating prefix script '/home/hri01/ws/install/local_setup.bash'
[9.609s] INFO:colcon.colcon_core.shell:Creating prefix chain script '/home/hri01/ws/install/setup.bash'
[9.611s] INFO:colcon.colcon_core.shell:Creating prefix script '/home/hri01/ws/install/local_setup.zsh'
[9.611s] INFO:colcon.colcon_core.shell:Creating prefix chain script '/home/hri01/ws/install/setup.zsh'
