[0.129s] DEBUG:colcon:Command line arguments: ['/usr/bin/colcon', 'build']
[0.129s] DEBUG:colcon:Parsed command line arguments: Namespace(log_base=None, log_level=None, verb_name='build', build_base='build', install_base='install', merge_install=False, symlink_install=False, test_result_base=None, continue_on_error=False, executor='parallel', parallel_workers=18, event_handlers=None, ignore_user_meta=False, metas=['./colcon.meta'], base_paths=['.'], packages_ignore=None, packages_ignore_regex=None, paths=None, packages_up_to=None, packages_up_to_regex=None, packages_above=None, packages_above_and_dependencies=None, packages_above_depth=None, packages_select_by_dep=None, packages_skip_by_dep=None, packages_skip_up_to=None, packages_select_build_failed=False, packages_skip_build_finished=False, packages_select_test_failures=False, packages_skip_test_passed=False, packages_select=None, packages_skip=None, packages_select_regex=None, packages_skip_regex=None, packages_start=None, packages_end=None, allow_overriding=[], cmake_args=None, cmake_target=None, cmake_target_skip_unavailable=False, cmake_clean_cache=False, cmake_clean_first=False, cmake_force_configure=False, ament_cmake_args=None, catkin_cmake_args=None, catkin_skip_building_tests=False, verb_parser=<colcon_defaults.argument_parser.defaults.DefaultArgumentsDecorator object at 0x7152877781f0>, verb_extension=<colcon_core.verb.build.BuildVerb object at 0x7152879e95d0>, main=<bound method BuildVerb.main of <colcon_core.verb.build.BuildVerb object at 0x7152879e95d0>>)
[0.314s] Level 1:colcon.colcon_core.package_discovery:discover_packages(colcon_meta) check parameters
[0.314s] Level 1:colcon.colcon_core.package_discovery:discover_packages(recursive) check parameters
[0.314s] Level 1:colcon.colcon_core.package_discovery:discover_packages(ignore) check parameters
[0.314s] Level 1:colcon.colcon_core.package_discovery:discover_packages(path) check parameters
[0.314s] Level 1:colcon.colcon_core.package_discovery:discover_packages(colcon_meta) discover
[0.314s] Level 1:colcon.colcon_core.package_discovery:discover_packages(recursive) discover
[0.314s] INFO:colcon.colcon_core.package_discovery:Crawling recursively for packages in '/home/hri01/ws'
[0.314s] Level 1:colcon.colcon_core.package_identification:_identify(.) by extensions ['ignore', 'ignore_ament_install']
[0.315s] Level 1:colcon.colcon_core.package_identification:_identify(.) by extension 'ignore'
[0.315s] Level 1:colcon.colcon_core.package_identification:_identify(.) by extension 'ignore_ament_install'
[0.315s] Level 1:colcon.colcon_core.package_identification:_identify(.) by extensions ['colcon_pkg']
[0.315s] Level 1:colcon.colcon_core.package_identification:_identify(.) by extension 'colcon_pkg'
[0.315s] Level 1:colcon.colcon_core.package_identification:_identify(.) by extensions ['colcon_meta']
[0.315s] Level 1:colcon.colcon_core.package_identification:_identify(.) by extension 'colcon_meta'
[0.315s] Level 1:colcon.colcon_core.package_identification:_identify(.) by extensions ['ros']
[0.315s] Level 1:colcon.colcon_core.package_identification:_identify(.) by extension 'ros'
[0.332s] DEBUG:colcon.colcon_core.package_identification:Package '.' with type 'ros.ament_cmake' and name 'laser_to_pointcloud'
[0.332s] Level 1:colcon.colcon_core.package_discovery:discover_packages(recursive) using defaults
[0.333s] Level 1:colcon.colcon_core.package_discovery:discover_packages(ignore) discover
[0.333s] Level 1:colcon.colcon_core.package_discovery:discover_packages(ignore) using defaults
[0.333s] Level 1:colcon.colcon_core.package_discovery:discover_packages(path) discover
[0.333s] Level 1:colcon.colcon_core.package_discovery:discover_packages(path) using defaults
[0.379s] Level 1:colcon.colcon_core.package_discovery:discover_packages(prefix_path) check parameters
[0.379s] Level 1:colcon.colcon_core.package_discovery:discover_packages(prefix_path) discover
[0.381s] DEBUG:colcon.colcon_installed_package_information.package_discovery:Found 1 installed packages in /home/hri01/ws/install
[0.382s] DEBUG:colcon.colcon_installed_package_information.package_discovery:Found 35 installed packages in /home/hri01/robot_ws/install
[0.384s] DEBUG:colcon.colcon_installed_package_information.package_discovery:Found 337 installed packages in /opt/ros/humble
[0.385s] Level 1:colcon.colcon_core.package_discovery:discover_packages(prefix_path) using defaults
[0.433s] Level 5:colcon.colcon_core.verb:set package 'laser_to_pointcloud' build argument 'cmake_args' from command line to 'None'
[0.433s] Level 5:colcon.colcon_core.verb:set package 'laser_to_pointcloud' build argument 'cmake_target' from command line to 'None'
[0.433s] Level 5:colcon.colcon_core.verb:set package 'laser_to_pointcloud' build argument 'cmake_target_skip_unavailable' from command line to 'False'
[0.433s] Level 5:colcon.colcon_core.verb:set package 'laser_to_pointcloud' build argument 'cmake_clean_cache' from command line to 'False'
[0.433s] Level 5:colcon.colcon_core.verb:set package 'laser_to_pointcloud' build argument 'cmake_clean_first' from command line to 'False'
[0.433s] Level 5:colcon.colcon_core.verb:set package 'laser_to_pointcloud' build argument 'cmake_force_configure' from command line to 'False'
[0.433s] Level 5:colcon.colcon_core.verb:set package 'laser_to_pointcloud' build argument 'ament_cmake_args' from command line to 'None'
[0.433s] Level 5:colcon.colcon_core.verb:set package 'laser_to_pointcloud' build argument 'catkin_cmake_args' from command line to 'None'
[0.433s] Level 5:colcon.colcon_core.verb:set package 'laser_to_pointcloud' build argument 'catkin_skip_building_tests' from command line to 'False'
[0.433s] DEBUG:colcon.colcon_core.verb:Building package 'laser_to_pointcloud' with the following arguments: {'ament_cmake_args': None, 'build_base': '/home/hri01/ws/build/laser_to_pointcloud', 'catkin_cmake_args': None, 'catkin_skip_building_tests': False, 'cmake_args': None, 'cmake_clean_cache': False, 'cmake_clean_first': False, 'cmake_force_configure': False, 'cmake_target': None, 'cmake_target_skip_unavailable': False, 'install_base': '/home/hri01/ws/install/laser_to_pointcloud', 'merge_install': False, 'path': '/home/hri01/ws', 'symlink_install': False, 'test_result_base': None}
[0.433s] INFO:colcon.colcon_core.executor:Executing jobs using 'parallel' executor
[0.435s] DEBUG:colcon.colcon_parallel_executor.executor.parallel:run_until_complete
[0.435s] INFO:colcon.colcon_ros.task.ament_cmake.build:Building ROS package in '/home/hri01/ws' with build type 'ament_cmake'
[0.435s] INFO:colcon.colcon_cmake.task.cmake.build:Building CMake package in '/home/hri01/ws'
[0.438s] INFO:colcon.colcon_core.plugin_system:Skipping extension 'colcon_core.shell.bat': Not used on non-Windows systems
[0.439s] INFO:colcon.colcon_core.shell:Skip shell extension 'powershell' for command environment: Not usable outside of PowerShell
[0.439s] DEBUG:colcon.colcon_core.shell:Skip shell extension 'dsv' for command environment
[0.454s] DEBUG:colcon.colcon_core.event_handler.log_command:Invoking command in '/home/hri01/ws/build/laser_to_pointcloud': CMAKE_PREFIX_PATH=${CMAKE_PREFIX_PATH}:/home/hri01/robot_ws/install/uart_sdk:/home/hri01/robot_ws/install/topic_pkg:/home/hri01/robot_ws/install/safety_limiter:/home/hri01/robot_ws/install/learning_urdf:/home/hri01/robot_ws/install/learning_topic:/home/hri01/robot_ws/install/learning_tf:/home/hri01/robot_ws/install/learning_service:/home/hri01/robot_ws/install/learning_qos:/home/hri01/robot_ws/install/learning_pkg_python:/home/hri01/robot_ws/install/learning_parameter:/home/hri01/robot_ws/install/learning_node:/home/hri01/robot_ws/install/learning_launch:/home/hri01/robot_ws/install/learning_action:/home/hri01/robot_ws/install/learning_gazebo_harmonic:/home/hri01/robot_ws/install/learning_gazebo:/home/hri01/robot_ws/install/learning_cv:/home/hri01/robot_ws/install/eye_expression_pkg:/opt/ros/humble /usr/bin/cmake --build /home/hri01/ws/build/laser_to_pointcloud -- -j18 -l18
[11.406s] DEBUG:colcon.colcon_core.event_handler.log_command:Invoked command in '/home/hri01/ws/build/laser_to_pointcloud' returned '0': CMAKE_PREFIX_PATH=${CMAKE_PREFIX_PATH}:/home/hri01/robot_ws/install/uart_sdk:/home/hri01/robot_ws/install/topic_pkg:/home/hri01/robot_ws/install/safety_limiter:/home/hri01/robot_ws/install/learning_urdf:/home/hri01/robot_ws/install/learning_topic:/home/hri01/robot_ws/install/learning_tf:/home/hri01/robot_ws/install/learning_service:/home/hri01/robot_ws/install/learning_qos:/home/hri01/robot_ws/install/learning_pkg_python:/home/hri01/robot_ws/install/learning_parameter:/home/hri01/robot_ws/install/learning_node:/home/hri01/robot_ws/install/learning_launch:/home/hri01/robot_ws/install/learning_action:/home/hri01/robot_ws/install/learning_gazebo_harmonic:/home/hri01/robot_ws/install/learning_gazebo:/home/hri01/robot_ws/install/learning_cv:/home/hri01/robot_ws/install/eye_expression_pkg:/opt/ros/humble /usr/bin/cmake --build /home/hri01/ws/build/laser_to_pointcloud -- -j18 -l18
[11.424s] DEBUG:colcon.colcon_core.event_handler.log_command:Invoking command in '/home/hri01/ws/build/laser_to_pointcloud': CMAKE_PREFIX_PATH=${CMAKE_PREFIX_PATH}:/home/hri01/robot_ws/install/uart_sdk:/home/hri01/robot_ws/install/topic_pkg:/home/hri01/robot_ws/install/safety_limiter:/home/hri01/robot_ws/install/learning_urdf:/home/hri01/robot_ws/install/learning_topic:/home/hri01/robot_ws/install/learning_tf:/home/hri01/robot_ws/install/learning_service:/home/hri01/robot_ws/install/learning_qos:/home/hri01/robot_ws/install/learning_pkg_python:/home/hri01/robot_ws/install/learning_parameter:/home/hri01/robot_ws/install/learning_node:/home/hri01/robot_ws/install/learning_launch:/home/hri01/robot_ws/install/learning_action:/home/hri01/robot_ws/install/learning_gazebo_harmonic:/home/hri01/robot_ws/install/learning_gazebo:/home/hri01/robot_ws/install/learning_cv:/home/hri01/robot_ws/install/eye_expression_pkg:/opt/ros/humble /usr/bin/cmake --install /home/hri01/ws/build/laser_to_pointcloud
[11.442s] Level 1:colcon.colcon_core.environment:create_environment_scripts_only(laser_to_pointcloud)
[11.443s] DEBUG:colcon.colcon_core.event_handler.log_command:Invoked command in '/home/hri01/ws/build/laser_to_pointcloud' returned '0': CMAKE_PREFIX_PATH=${CMAKE_PREFIX_PATH}:/home/hri01/robot_ws/install/uart_sdk:/home/hri01/robot_ws/install/topic_pkg:/home/hri01/robot_ws/install/safety_limiter:/home/hri01/robot_ws/install/learning_urdf:/home/hri01/robot_ws/install/learning_topic:/home/hri01/robot_ws/install/learning_tf:/home/hri01/robot_ws/install/learning_service:/home/hri01/robot_ws/install/learning_qos:/home/hri01/robot_ws/install/learning_pkg_python:/home/hri01/robot_ws/install/learning_parameter:/home/hri01/robot_ws/install/learning_node:/home/hri01/robot_ws/install/learning_launch:/home/hri01/robot_ws/install/learning_action:/home/hri01/robot_ws/install/learning_gazebo_harmonic:/home/hri01/robot_ws/install/learning_gazebo:/home/hri01/robot_ws/install/learning_cv:/home/hri01/robot_ws/install/eye_expression_pkg:/opt/ros/humble /usr/bin/cmake --install /home/hri01/ws/build/laser_to_pointcloud
[11.446s] Level 1:colcon.colcon_core.environment:checking '/home/hri01/ws/install/laser_to_pointcloud' for CMake module files
[11.447s] Level 1:colcon.colcon_core.environment:checking '/home/hri01/ws/install/laser_to_pointcloud' for CMake config files
[11.447s] Level 1:colcon.colcon_core.shell:create_environment_hook('laser_to_pointcloud', 'cmake_prefix_path')
[11.448s] INFO:colcon.colcon_core.shell:Creating environment hook '/home/hri01/ws/install/laser_to_pointcloud/share/laser_to_pointcloud/hook/cmake_prefix_path.ps1'
[11.449s] INFO:colcon.colcon_core.shell:Creating environment descriptor '/home/hri01/ws/install/laser_to_pointcloud/share/laser_to_pointcloud/hook/cmake_prefix_path.dsv'
[11.449s] INFO:colcon.colcon_core.shell:Creating environment hook '/home/hri01/ws/install/laser_to_pointcloud/share/laser_to_pointcloud/hook/cmake_prefix_path.sh'
[11.450s] Level 1:colcon.colcon_core.environment:checking '/home/hri01/ws/install/laser_to_pointcloud/lib'
[11.451s] Level 1:colcon.colcon_core.environment:checking '/home/hri01/ws/install/laser_to_pointcloud/bin'
[11.451s] Level 1:colcon.colcon_core.environment:checking '/home/hri01/ws/install/laser_to_pointcloud/lib/pkgconfig/laser_to_pointcloud.pc'
[11.451s] Level 1:colcon.colcon_core.environment:checking '/home/hri01/ws/install/laser_to_pointcloud/lib/python3.10/site-packages'
[11.451s] Level 1:colcon.colcon_core.environment:checking '/home/hri01/ws/install/laser_to_pointcloud/bin'
[11.452s] INFO:colcon.colcon_core.shell:Creating package script '/home/hri01/ws/install/laser_to_pointcloud/share/laser_to_pointcloud/package.ps1'
[11.453s] INFO:colcon.colcon_core.shell:Creating package descriptor '/home/hri01/ws/install/laser_to_pointcloud/share/laser_to_pointcloud/package.dsv'
[11.454s] INFO:colcon.colcon_core.shell:Creating package script '/home/hri01/ws/install/laser_to_pointcloud/share/laser_to_pointcloud/package.sh'
[11.454s] INFO:colcon.colcon_core.shell:Creating package script '/home/hri01/ws/install/laser_to_pointcloud/share/laser_to_pointcloud/package.bash'
[11.455s] INFO:colcon.colcon_core.shell:Creating package script '/home/hri01/ws/install/laser_to_pointcloud/share/laser_to_pointcloud/package.zsh'
[11.456s] Level 1:colcon.colcon_core.environment:create_file_with_runtime_dependencies(/home/hri01/ws/install/laser_to_pointcloud/share/colcon-core/packages/laser_to_pointcloud)
[11.457s] Level 1:colcon.colcon_core.environment:create_environment_scripts_only(laser_to_pointcloud)
[11.457s] Level 1:colcon.colcon_core.environment:checking '/home/hri01/ws/install/laser_to_pointcloud' for CMake module files
[11.458s] Level 1:colcon.colcon_core.environment:checking '/home/hri01/ws/install/laser_to_pointcloud' for CMake config files
[11.458s] Level 1:colcon.colcon_core.shell:create_environment_hook('laser_to_pointcloud', 'cmake_prefix_path')
[11.458s] INFO:colcon.colcon_core.shell:Creating environment hook '/home/hri01/ws/install/laser_to_pointcloud/share/laser_to_pointcloud/hook/cmake_prefix_path.ps1'
[11.459s] INFO:colcon.colcon_core.shell:Creating environment descriptor '/home/hri01/ws/install/laser_to_pointcloud/share/laser_to_pointcloud/hook/cmake_prefix_path.dsv'
[11.459s] INFO:colcon.colcon_core.shell:Creating environment hook '/home/hri01/ws/install/laser_to_pointcloud/share/laser_to_pointcloud/hook/cmake_prefix_path.sh'
[11.460s] Level 1:colcon.colcon_core.environment:checking '/home/hri01/ws/install/laser_to_pointcloud/lib'
[11.460s] Level 1:colcon.colcon_core.environment:checking '/home/hri01/ws/install/laser_to_pointcloud/bin'
[11.460s] Level 1:colcon.colcon_core.environment:checking '/home/hri01/ws/install/laser_to_pointcloud/lib/pkgconfig/laser_to_pointcloud.pc'
[11.460s] Level 1:colcon.colcon_core.environment:checking '/home/hri01/ws/install/laser_to_pointcloud/lib/python3.10/site-packages'
[11.460s] Level 1:colcon.colcon_core.environment:checking '/home/hri01/ws/install/laser_to_pointcloud/bin'
[11.461s] INFO:colcon.colcon_core.shell:Creating package script '/home/hri01/ws/install/laser_to_pointcloud/share/laser_to_pointcloud/package.ps1'
[11.461s] INFO:colcon.colcon_core.shell:Creating package descriptor '/home/hri01/ws/install/laser_to_pointcloud/share/laser_to_pointcloud/package.dsv'
[11.462s] INFO:colcon.colcon_core.shell:Creating package script '/home/hri01/ws/install/laser_to_pointcloud/share/laser_to_pointcloud/package.sh'
[11.462s] INFO:colcon.colcon_core.shell:Creating package script '/home/hri01/ws/install/laser_to_pointcloud/share/laser_to_pointcloud/package.bash'
[11.463s] INFO:colcon.colcon_core.shell:Creating package script '/home/hri01/ws/install/laser_to_pointcloud/share/laser_to_pointcloud/package.zsh'
[11.463s] Level 1:colcon.colcon_core.environment:create_file_with_runtime_dependencies(/home/hri01/ws/install/laser_to_pointcloud/share/colcon-core/packages/laser_to_pointcloud)
[11.464s] DEBUG:colcon.colcon_parallel_executor.executor.parallel:closing loop
[11.464s] DEBUG:colcon.colcon_parallel_executor.executor.parallel:loop closed
[11.464s] DEBUG:colcon.colcon_parallel_executor.executor.parallel:run_until_complete finished with '0'
[11.464s] DEBUG:colcon.colcon_core.event_reactor:joining thread
[11.477s] INFO:colcon.colcon_core.plugin_system:Skipping extension 'colcon_notification.desktop_notification.terminal_notifier': Not used on non-Darwin systems
[11.477s] INFO:colcon.colcon_core.plugin_system:Skipping extension 'colcon_notification.desktop_notification.win32': Not used on non-Windows systems
[11.477s] INFO:colcon.colcon_notification.desktop_notification:Sending desktop notification using 'notify2'
[11.503s] DEBUG:colcon.colcon_core.event_reactor:joined thread
[11.503s] INFO:colcon.colcon_core.shell:Creating prefix script '/home/hri01/ws/install/local_setup.ps1'
[11.504s] INFO:colcon.colcon_core.shell:Creating prefix util module '/home/hri01/ws/install/_local_setup_util_ps1.py'
[11.507s] INFO:colcon.colcon_core.shell:Creating prefix chain script '/home/hri01/ws/install/setup.ps1'
[11.510s] INFO:colcon.colcon_core.shell:Creating prefix script '/home/hri01/ws/install/local_setup.sh'
[11.511s] INFO:colcon.colcon_core.shell:Creating prefix util module '/home/hri01/ws/install/_local_setup_util_sh.py'
[11.512s] INFO:colcon.colcon_core.shell:Creating prefix chain script '/home/hri01/ws/install/setup.sh'
[11.514s] INFO:colcon.colcon_core.shell:Creating prefix script '/home/hri01/ws/install/local_setup.bash'
[11.515s] INFO:colcon.colcon_core.shell:Creating prefix chain script '/home/hri01/ws/install/setup.bash'
[11.517s] INFO:colcon.colcon_core.shell:Creating prefix script '/home/hri01/ws/install/local_setup.zsh'
[11.517s] INFO:colcon.colcon_core.shell:Creating prefix chain script '/home/hri01/ws/install/setup.zsh'
