[35m[1mConsolidate compiler generated dependencies of target laser_to_pointcloud_node[0m
[ 50%] [32mBuilding CXX object CMakeFiles/laser_to_pointcloud_node.dir/src/laser_to_pointcloud_node.cpp.o[0m
[100%] [32m[1mLinking CXX executable laser_to_pointcloud_node[0m
[100%] Built target laser_to_pointcloud_node
-- Install configuration: ""
-- Installing: /home/hri01/ws/install/laser_to_pointcloud/lib/laser_to_pointcloud/laser_to_pointcloud_node
-- Set runtime path of "/home/hri01/ws/install/laser_to_pointcloud/lib/laser_to_pointcloud/laser_to_pointcloud_node" to ""
-- Up-to-date: /home/hri01/ws/install/laser_to_pointcloud/share/ament_index/resource_index/package_run_dependencies/laser_to_pointcloud
-- Up-to-date: /home/hri01/ws/install/laser_to_pointcloud/share/ament_index/resource_index/parent_prefix_path/laser_to_pointcloud
-- Up-to-date: /home/hri01/ws/install/laser_to_pointcloud/share/laser_to_pointcloud/environment/ament_prefix_path.sh
-- Up-to-date: /home/hri01/ws/install/laser_to_pointcloud/share/laser_to_pointcloud/environment/ament_prefix_path.dsv
-- Up-to-date: /home/hri01/ws/install/laser_to_pointcloud/share/laser_to_pointcloud/environment/path.sh
-- Up-to-date: /home/hri01/ws/install/laser_to_pointcloud/share/laser_to_pointcloud/environment/path.dsv
-- Up-to-date: /home/hri01/ws/install/laser_to_pointcloud/share/laser_to_pointcloud/local_setup.bash
-- Up-to-date: /home/hri01/ws/install/laser_to_pointcloud/share/laser_to_pointcloud/local_setup.sh
-- Up-to-date: /home/hri01/ws/install/laser_to_pointcloud/share/laser_to_pointcloud/local_setup.zsh
-- Up-to-date: /home/hri01/ws/install/laser_to_pointcloud/share/laser_to_pointcloud/local_setup.dsv
-- Installing: /home/hri01/ws/install/laser_to_pointcloud/share/laser_to_pointcloud/package.dsv
-- Up-to-date: /home/hri01/ws/install/laser_to_pointcloud/share/ament_index/resource_index/packages/laser_to_pointcloud
-- Up-to-date: /home/hri01/ws/install/laser_to_pointcloud/share/laser_to_pointcloud/cmake/laser_to_pointcloudConfig.cmake
-- Up-to-date: /home/hri01/ws/install/laser_to_pointcloud/share/laser_to_pointcloud/cmake/laser_to_pointcloudConfig-version.cmake
-- Up-to-date: /home/hri01/ws/install/laser_to_pointcloud/share/laser_to_pointcloud/package.xml
