[0.019s] Invoking command in '/home/hri01/ws/build/laser_to_pointcloud': CMAKE_PREFIX_PATH=${CMAKE_PREFIX_PATH}:/home/hri01/robot_ws/install/uart_sdk:/home/hri01/robot_ws/install/topic_pkg:/home/hri01/robot_ws/install/safety_limiter:/home/hri01/robot_ws/install/learning_urdf:/home/hri01/robot_ws/install/learning_topic:/home/hri01/robot_ws/install/learning_tf:/home/hri01/robot_ws/install/learning_service:/home/hri01/robot_ws/install/learning_qos:/home/hri01/robot_ws/install/learning_pkg_python:/home/hri01/robot_ws/install/learning_parameter:/home/hri01/robot_ws/install/learning_node:/home/hri01/robot_ws/install/learning_launch:/home/hri01/robot_ws/install/learning_action:/home/hri01/robot_ws/install/learning_gazebo_harmonic:/home/hri01/robot_ws/install/learning_gazebo:/home/hri01/robot_ws/install/learning_cv:/home/hri01/robot_ws/install/eye_expression_pkg:/opt/ros/humble /usr/bin/cmake --build /home/hri01/ws/build/laser_to_pointcloud -- -j18 -l18
[0.072s] [35m[1mConsolidate compiler generated dependencies of target laser_to_pointcloud_node[0m
[0.094s] [ 50%] [32mBuilding CXX object CMakeFiles/laser_to_pointcloud_node.dir/src/laser_to_pointcloud_node.cpp.o[0m
[10.410s] [100%] [32m[1mLinking CXX executable laser_to_pointcloud_node[0m
[10.955s] [100%] Built target laser_to_pointcloud_node
[10.971s] Invoked command in '/home/hri01/ws/build/laser_to_pointcloud' returned '0': CMAKE_PREFIX_PATH=${CMAKE_PREFIX_PATH}:/home/hri01/robot_ws/install/uart_sdk:/home/hri01/robot_ws/install/topic_pkg:/home/hri01/robot_ws/install/safety_limiter:/home/hri01/robot_ws/install/learning_urdf:/home/hri01/robot_ws/install/learning_topic:/home/hri01/robot_ws/install/learning_tf:/home/hri01/robot_ws/install/learning_service:/home/hri01/robot_ws/install/learning_qos:/home/hri01/robot_ws/install/learning_pkg_python:/home/hri01/robot_ws/install/learning_parameter:/home/hri01/robot_ws/install/learning_node:/home/hri01/robot_ws/install/learning_launch:/home/hri01/robot_ws/install/learning_action:/home/hri01/robot_ws/install/learning_gazebo_harmonic:/home/hri01/robot_ws/install/learning_gazebo:/home/hri01/robot_ws/install/learning_cv:/home/hri01/robot_ws/install/eye_expression_pkg:/opt/ros/humble /usr/bin/cmake --build /home/hri01/ws/build/laser_to_pointcloud -- -j18 -l18
[10.988s] Invoking command in '/home/hri01/ws/build/laser_to_pointcloud': CMAKE_PREFIX_PATH=${CMAKE_PREFIX_PATH}:/home/hri01/robot_ws/install/uart_sdk:/home/hri01/robot_ws/install/topic_pkg:/home/hri01/robot_ws/install/safety_limiter:/home/hri01/robot_ws/install/learning_urdf:/home/hri01/robot_ws/install/learning_topic:/home/hri01/robot_ws/install/learning_tf:/home/hri01/robot_ws/install/learning_service:/home/hri01/robot_ws/install/learning_qos:/home/hri01/robot_ws/install/learning_pkg_python:/home/hri01/robot_ws/install/learning_parameter:/home/hri01/robot_ws/install/learning_node:/home/hri01/robot_ws/install/learning_launch:/home/hri01/robot_ws/install/learning_action:/home/hri01/robot_ws/install/learning_gazebo_harmonic:/home/hri01/robot_ws/install/learning_gazebo:/home/hri01/robot_ws/install/learning_cv:/home/hri01/robot_ws/install/eye_expression_pkg:/opt/ros/humble /usr/bin/cmake --install /home/hri01/ws/build/laser_to_pointcloud
[10.999s] -- Install configuration: ""
[10.999s] -- Installing: /home/hri01/ws/install/laser_to_pointcloud/lib/laser_to_pointcloud/laser_to_pointcloud_node
[11.004s] -- Set runtime path of "/home/hri01/ws/install/laser_to_pointcloud/lib/laser_to_pointcloud/laser_to_pointcloud_node" to ""
[11.004s] -- Up-to-date: /home/hri01/ws/install/laser_to_pointcloud/share/ament_index/resource_index/package_run_dependencies/laser_to_pointcloud
[11.004s] -- Up-to-date: /home/hri01/ws/install/laser_to_pointcloud/share/ament_index/resource_index/parent_prefix_path/laser_to_pointcloud
[11.004s] -- Up-to-date: /home/hri01/ws/install/laser_to_pointcloud/share/laser_to_pointcloud/environment/ament_prefix_path.sh
[11.004s] -- Up-to-date: /home/hri01/ws/install/laser_to_pointcloud/share/laser_to_pointcloud/environment/ament_prefix_path.dsv
[11.005s] -- Up-to-date: /home/hri01/ws/install/laser_to_pointcloud/share/laser_to_pointcloud/environment/path.sh
[11.005s] -- Up-to-date: /home/hri01/ws/install/laser_to_pointcloud/share/laser_to_pointcloud/environment/path.dsv
[11.005s] -- Up-to-date: /home/hri01/ws/install/laser_to_pointcloud/share/laser_to_pointcloud/local_setup.bash
[11.005s] -- Up-to-date: /home/hri01/ws/install/laser_to_pointcloud/share/laser_to_pointcloud/local_setup.sh
[11.005s] -- Up-to-date: /home/hri01/ws/install/laser_to_pointcloud/share/laser_to_pointcloud/local_setup.zsh
[11.005s] -- Up-to-date: /home/hri01/ws/install/laser_to_pointcloud/share/laser_to_pointcloud/local_setup.dsv
[11.005s] -- Installing: /home/hri01/ws/install/laser_to_pointcloud/share/laser_to_pointcloud/package.dsv
[11.005s] -- Up-to-date: /home/hri01/ws/install/laser_to_pointcloud/share/ament_index/resource_index/packages/laser_to_pointcloud
[11.005s] -- Up-to-date: /home/hri01/ws/install/laser_to_pointcloud/share/laser_to_pointcloud/cmake/laser_to_pointcloudConfig.cmake
[11.006s] -- Up-to-date: /home/hri01/ws/install/laser_to_pointcloud/share/laser_to_pointcloud/cmake/laser_to_pointcloudConfig-version.cmake
[11.007s] -- Up-to-date: /home/hri01/ws/install/laser_to_pointcloud/share/laser_to_pointcloud/package.xml
[11.008s] Invoked command in '/home/hri01/ws/build/laser_to_pointcloud' returned '0': CMAKE_PREFIX_PATH=${CMAKE_PREFIX_PATH}:/home/hri01/robot_ws/install/uart_sdk:/home/hri01/robot_ws/install/topic_pkg:/home/hri01/robot_ws/install/safety_limiter:/home/hri01/robot_ws/install/learning_urdf:/home/hri01/robot_ws/install/learning_topic:/home/hri01/robot_ws/install/learning_tf:/home/hri01/robot_ws/install/learning_service:/home/hri01/robot_ws/install/learning_qos:/home/hri01/robot_ws/install/learning_pkg_python:/home/hri01/robot_ws/install/learning_parameter:/home/hri01/robot_ws/install/learning_node:/home/hri01/robot_ws/install/learning_launch:/home/hri01/robot_ws/install/learning_action:/home/hri01/robot_ws/install/learning_gazebo_harmonic:/home/hri01/robot_ws/install/learning_gazebo:/home/hri01/robot_ws/install/learning_cv:/home/hri01/robot_ws/install/eye_expression_pkg:/opt/ros/humble /usr/bin/cmake --install /home/hri01/ws/build/laser_to_pointcloud
