[0.075s] DEBUG:colcon:Command line arguments: ['/usr/bin/colcon', 'build', '--packages-select', 'learning_gazebo', '--symlink-install']
[0.075s] DEBUG:colcon:Parsed command line arguments: Namespace(log_base=None, log_level=None, verb_name='build', build_base='build', install_base='install', merge_install=False, symlink_install=True, test_result_base=None, continue_on_error=False, executor='parallel', parallel_workers=18, event_handlers=None, ignore_user_meta=False, metas=['./colcon.meta'], base_paths=['.'], packages_ignore=None, packages_ignore_regex=None, paths=None, packages_up_to=None, packages_up_to_regex=None, packages_above=None, packages_above_and_dependencies=None, packages_above_depth=None, packages_select_by_dep=None, packages_skip_by_dep=None, packages_skip_up_to=None, packages_select_build_failed=False, packages_skip_build_finished=False, packages_select_test_failures=False, packages_skip_test_passed=False, packages_select=['learning_gazebo'], packages_skip=None, packages_select_regex=None, packages_skip_regex=None, packages_start=None, packages_end=None, allow_overriding=[], cmake_args=None, cmake_target=None, cmake_target_skip_unavailable=False, cmake_clean_cache=False, cmake_clean_first=False, cmake_force_configure=False, ament_cmake_args=None, catkin_cmake_args=None, catkin_skip_building_tests=False, verb_parser=<colcon_defaults.argument_parser.defaults.DefaultArgumentsDecorator object at 0x7c637a4842e0>, verb_extension=<colcon_core.verb.build.BuildVerb object at 0x7c637a5c16c0>, main=<bound method BuildVerb.main of <colcon_core.verb.build.BuildVerb object at 0x7c637a5c16c0>>)
[0.192s] Level 1:colcon.colcon_core.package_discovery:discover_packages(colcon_meta) check parameters
[0.193s] Level 1:colcon.colcon_core.package_discovery:discover_packages(recursive) check parameters
[0.193s] Level 1:colcon.colcon_core.package_discovery:discover_packages(ignore) check parameters
[0.193s] Level 1:colcon.colcon_core.package_discovery:discover_packages(path) check parameters
[0.193s] Level 1:colcon.colcon_core.package_discovery:discover_packages(colcon_meta) discover
[0.193s] Level 1:colcon.colcon_core.package_discovery:discover_packages(recursive) discover
[0.193s] INFO:colcon.colcon_core.package_discovery:Crawling recursively for packages in '/home/hri01/ros_bot_lt/src/learning_gazebo'
[0.193s] Level 1:colcon.colcon_core.package_identification:_identify(.) by extensions ['ignore', 'ignore_ament_install']
[0.193s] Level 1:colcon.colcon_core.package_identification:_identify(.) by extension 'ignore'
[0.193s] Level 1:colcon.colcon_core.package_identification:_identify(.) by extension 'ignore_ament_install'
[0.193s] Level 1:colcon.colcon_core.package_identification:_identify(.) by extensions ['colcon_pkg']
[0.193s] Level 1:colcon.colcon_core.package_identification:_identify(.) by extension 'colcon_pkg'
[0.193s] Level 1:colcon.colcon_core.package_identification:_identify(.) by extensions ['colcon_meta']
[0.193s] Level 1:colcon.colcon_core.package_identification:_identify(.) by extension 'colcon_meta'
[0.193s] Level 1:colcon.colcon_core.package_identification:_identify(.) by extensions ['ros']
[0.193s] Level 1:colcon.colcon_core.package_identification:_identify(.) by extension 'ros'
[0.209s] DEBUG:colcon.colcon_core.package_identification:Package '.' with type 'ros.ament_python' and name 'learning_gazebo'
[0.209s] Level 1:colcon.colcon_core.package_discovery:discover_packages(recursive) using defaults
[0.209s] Level 1:colcon.colcon_core.package_discovery:discover_packages(ignore) discover
[0.209s] Level 1:colcon.colcon_core.package_discovery:discover_packages(ignore) using defaults
[0.209s] Level 1:colcon.colcon_core.package_discovery:discover_packages(path) discover
[0.209s] Level 1:colcon.colcon_core.package_discovery:discover_packages(path) using defaults
[0.223s] Level 1:colcon.colcon_core.package_discovery:discover_packages(prefix_path) check parameters
[0.223s] Level 1:colcon.colcon_core.package_discovery:discover_packages(prefix_path) discover
[0.225s] DEBUG:colcon.colcon_installed_package_information.package_discovery:Found 2 installed packages in /home/hri01/robot_ws/src/sdk_trigger_a_ws/install
[0.226s] DEBUG:colcon.colcon_installed_package_information.package_discovery:Found 40 installed packages in /home/hri01/robot_ws/install
[0.227s] DEBUG:colcon.colcon_installed_package_information.package_discovery:Found 62 installed packages in /home/hri01/ros_bot_lt/install
[0.229s] DEBUG:colcon.colcon_installed_package_information.package_discovery:Found 362 installed packages in /opt/ros/humble
[0.233s] Level 1:colcon.colcon_core.package_discovery:discover_packages(prefix_path) using defaults
[0.265s] Level 5:colcon.colcon_core.verb:set package 'learning_gazebo' build argument 'cmake_args' from command line to 'None'
[0.265s] Level 5:colcon.colcon_core.verb:set package 'learning_gazebo' build argument 'cmake_target' from command line to 'None'
[0.265s] Level 5:colcon.colcon_core.verb:set package 'learning_gazebo' build argument 'cmake_target_skip_unavailable' from command line to 'False'
[0.265s] Level 5:colcon.colcon_core.verb:set package 'learning_gazebo' build argument 'cmake_clean_cache' from command line to 'False'
[0.265s] Level 5:colcon.colcon_core.verb:set package 'learning_gazebo' build argument 'cmake_clean_first' from command line to 'False'
[0.265s] Level 5:colcon.colcon_core.verb:set package 'learning_gazebo' build argument 'cmake_force_configure' from command line to 'False'
[0.265s] Level 5:colcon.colcon_core.verb:set package 'learning_gazebo' build argument 'ament_cmake_args' from command line to 'None'
[0.265s] Level 5:colcon.colcon_core.verb:set package 'learning_gazebo' build argument 'catkin_cmake_args' from command line to 'None'
[0.265s] Level 5:colcon.colcon_core.verb:set package 'learning_gazebo' build argument 'catkin_skip_building_tests' from command line to 'False'
[0.265s] DEBUG:colcon.colcon_core.verb:Building package 'learning_gazebo' with the following arguments: {'ament_cmake_args': None, 'build_base': '/home/hri01/ros_bot_lt/src/learning_gazebo/build/learning_gazebo', 'catkin_cmake_args': None, 'catkin_skip_building_tests': False, 'cmake_args': None, 'cmake_clean_cache': False, 'cmake_clean_first': False, 'cmake_force_configure': False, 'cmake_target': None, 'cmake_target_skip_unavailable': False, 'install_base': '/home/hri01/ros_bot_lt/src/learning_gazebo/install/learning_gazebo', 'merge_install': False, 'path': '/home/hri01/ros_bot_lt/src/learning_gazebo', 'symlink_install': True, 'test_result_base': None}
[0.265s] INFO:colcon.colcon_core.executor:Executing jobs using 'parallel' executor
[0.266s] DEBUG:colcon.colcon_parallel_executor.executor.parallel:run_until_complete
[0.266s] INFO:colcon.colcon_ros.task.ament_python.build:Building ROS package in '/home/hri01/ros_bot_lt/src/learning_gazebo' with build type 'ament_python'
[0.266s] Level 1:colcon.colcon_core.shell:create_environment_hook('learning_gazebo', 'ament_prefix_path')
[0.268s] INFO:colcon.colcon_core.plugin_system:Skipping extension 'colcon_core.shell.bat': Not used on non-Windows systems
[0.268s] INFO:colcon.colcon_core.shell:Creating environment hook '/home/hri01/ros_bot_lt/src/learning_gazebo/install/learning_gazebo/share/learning_gazebo/hook/ament_prefix_path.ps1'
[0.268s] INFO:colcon.colcon_core.shell:Creating environment descriptor '/home/hri01/ros_bot_lt/src/learning_gazebo/install/learning_gazebo/share/learning_gazebo/hook/ament_prefix_path.dsv'
[0.269s] INFO:colcon.colcon_core.shell:Creating environment hook '/home/hri01/ros_bot_lt/src/learning_gazebo/install/learning_gazebo/share/learning_gazebo/hook/ament_prefix_path.sh'
[0.269s] INFO:colcon.colcon_core.shell:Skip shell extension 'powershell' for command environment: Not usable outside of PowerShell
[0.269s] DEBUG:colcon.colcon_core.shell:Skip shell extension 'dsv' for command environment
[0.464s] INFO:colcon.colcon_core.task.python.build:Building Python package in '/home/hri01/ros_bot_lt/src/learning_gazebo'
[0.464s] INFO:colcon.colcon_core.shell:Skip shell extension 'powershell' for command environment: Not usable outside of PowerShell
[0.464s] DEBUG:colcon.colcon_core.shell:Skip shell extension 'dsv' for command environment
[0.783s] DEBUG:colcon.colcon_core.event_handler.log_command:Invoking command in '/home/hri01/ros_bot_lt/src/learning_gazebo/build/learning_gazebo': PYTHONPATH=/home/hri01/ros_bot_lt/src/learning_gazebo/build/learning_gazebo/prefix_override:/usr/lib/python3/dist-packages/colcon_core/task/python/colcon_distutils_commands:/home/hri01/ros_bot_lt/src/learning_gazebo/install/learning_gazebo/lib/python3.10/site-packages:${PYTHONPATH} /usr/bin/python3 -W ignore:setup.py install is deprecated -W ignore:easy_install command is deprecated setup.py develop --editable --build-directory /home/hri01/ros_bot_lt/src/learning_gazebo/build/learning_gazebo/build --no-deps symlink_data
[1.113s] Level 1:colcon.colcon_core.shell:create_environment_hook('learning_gazebo', 'pythonpath_develop')
[1.114s] DEBUG:colcon.colcon_core.event_handler.log_command:Invoked command in '/home/hri01/ros_bot_lt/src/learning_gazebo/build/learning_gazebo' returned '0': PYTHONPATH=/home/hri01/ros_bot_lt/src/learning_gazebo/build/learning_gazebo/prefix_override:/usr/lib/python3/dist-packages/colcon_core/task/python/colcon_distutils_commands:/home/hri01/ros_bot_lt/src/learning_gazebo/install/learning_gazebo/lib/python3.10/site-packages:${PYTHONPATH} /usr/bin/python3 -W ignore:setup.py install is deprecated -W ignore:easy_install command is deprecated setup.py develop --editable --build-directory /home/hri01/ros_bot_lt/src/learning_gazebo/build/learning_gazebo/build --no-deps symlink_data
[1.114s] INFO:colcon.colcon_core.shell:Creating environment hook '/home/hri01/ros_bot_lt/src/learning_gazebo/build/learning_gazebo/share/learning_gazebo/hook/pythonpath_develop.ps1'
[1.114s] INFO:colcon.colcon_core.shell:Creating environment descriptor '/home/hri01/ros_bot_lt/src/learning_gazebo/build/learning_gazebo/share/learning_gazebo/hook/pythonpath_develop.dsv'
[1.115s] INFO:colcon.colcon_core.shell:Creating environment hook '/home/hri01/ros_bot_lt/src/learning_gazebo/build/learning_gazebo/share/learning_gazebo/hook/pythonpath_develop.sh'
[1.116s] Level 1:colcon.colcon_core.environment:checking '/home/hri01/ros_bot_lt/src/learning_gazebo/install/learning_gazebo' for CMake module files
[1.117s] Level 1:colcon.colcon_core.environment:checking '/home/hri01/ros_bot_lt/src/learning_gazebo/install/learning_gazebo' for CMake config files
[1.117s] Level 1:colcon.colcon_core.environment:checking '/home/hri01/ros_bot_lt/src/learning_gazebo/install/learning_gazebo/lib'
[1.118s] Level 1:colcon.colcon_core.environment:checking '/home/hri01/ros_bot_lt/src/learning_gazebo/install/learning_gazebo/bin'
[1.118s] Level 1:colcon.colcon_core.environment:checking '/home/hri01/ros_bot_lt/src/learning_gazebo/install/learning_gazebo/lib/pkgconfig/learning_gazebo.pc'
[1.118s] Level 1:colcon.colcon_core.environment:checking '/home/hri01/ros_bot_lt/src/learning_gazebo/install/learning_gazebo/lib/python3.10/site-packages'
[1.118s] Level 1:colcon.colcon_core.shell:create_environment_hook('learning_gazebo', 'pythonpath')
[1.118s] INFO:colcon.colcon_core.shell:Creating environment hook '/home/hri01/ros_bot_lt/src/learning_gazebo/install/learning_gazebo/share/learning_gazebo/hook/pythonpath.ps1'
[1.118s] INFO:colcon.colcon_core.shell:Creating environment descriptor '/home/hri01/ros_bot_lt/src/learning_gazebo/install/learning_gazebo/share/learning_gazebo/hook/pythonpath.dsv'
[1.118s] INFO:colcon.colcon_core.shell:Creating environment hook '/home/hri01/ros_bot_lt/src/learning_gazebo/install/learning_gazebo/share/learning_gazebo/hook/pythonpath.sh'
[1.119s] Level 1:colcon.colcon_core.environment:checking '/home/hri01/ros_bot_lt/src/learning_gazebo/install/learning_gazebo/bin'
[1.119s] Level 1:colcon.colcon_core.environment:create_environment_scripts_only(learning_gazebo)
[1.119s] INFO:colcon.colcon_core.shell:Creating package script '/home/hri01/ros_bot_lt/src/learning_gazebo/install/learning_gazebo/share/learning_gazebo/package.ps1'
[1.119s] INFO:colcon.colcon_core.shell:Creating package descriptor '/home/hri01/ros_bot_lt/src/learning_gazebo/install/learning_gazebo/share/learning_gazebo/package.dsv'
[1.120s] INFO:colcon.colcon_core.shell:Creating package script '/home/hri01/ros_bot_lt/src/learning_gazebo/install/learning_gazebo/share/learning_gazebo/package.sh'
[1.120s] INFO:colcon.colcon_core.shell:Creating package script '/home/hri01/ros_bot_lt/src/learning_gazebo/install/learning_gazebo/share/learning_gazebo/package.bash'
[1.120s] INFO:colcon.colcon_core.shell:Creating package script '/home/hri01/ros_bot_lt/src/learning_gazebo/install/learning_gazebo/share/learning_gazebo/package.zsh'
[1.121s] Level 1:colcon.colcon_core.environment:create_file_with_runtime_dependencies(/home/hri01/ros_bot_lt/src/learning_gazebo/install/learning_gazebo/share/colcon-core/packages/learning_gazebo)
[1.121s] DEBUG:colcon.colcon_parallel_executor.executor.parallel:closing loop
[1.121s] DEBUG:colcon.colcon_parallel_executor.executor.parallel:loop closed
[1.121s] DEBUG:colcon.colcon_parallel_executor.executor.parallel:run_until_complete finished with '0'
[1.121s] DEBUG:colcon.colcon_core.event_reactor:joining thread
[1.125s] INFO:colcon.colcon_core.plugin_system:Skipping extension 'colcon_notification.desktop_notification.terminal_notifier': Not used on non-Darwin systems
[1.125s] INFO:colcon.colcon_core.plugin_system:Skipping extension 'colcon_notification.desktop_notification.win32': Not used on non-Windows systems
[1.125s] INFO:colcon.colcon_notification.desktop_notification:Sending desktop notification using 'notify2'
[1.133s] DEBUG:colcon.colcon_core.event_reactor:joined thread
[1.134s] INFO:colcon.colcon_core.shell:Creating prefix script '/home/hri01/ros_bot_lt/src/learning_gazebo/install/local_setup.ps1'
[1.134s] INFO:colcon.colcon_core.shell:Creating prefix util module '/home/hri01/ros_bot_lt/src/learning_gazebo/install/_local_setup_util_ps1.py'
[1.135s] INFO:colcon.colcon_core.shell:Creating prefix chain script '/home/hri01/ros_bot_lt/src/learning_gazebo/install/setup.ps1'
[1.137s] INFO:colcon.colcon_core.shell:Creating prefix script '/home/hri01/ros_bot_lt/src/learning_gazebo/install/local_setup.sh'
[1.139s] INFO:colcon.colcon_core.shell:Creating prefix util module '/home/hri01/ros_bot_lt/src/learning_gazebo/install/_local_setup_util_sh.py'
[1.140s] INFO:colcon.colcon_core.shell:Creating prefix chain script '/home/hri01/ros_bot_lt/src/learning_gazebo/install/setup.sh'
[1.142s] INFO:colcon.colcon_core.shell:Creating prefix script '/home/hri01/ros_bot_lt/src/learning_gazebo/install/local_setup.bash'
[1.143s] INFO:colcon.colcon_core.shell:Creating prefix chain script '/home/hri01/ros_bot_lt/src/learning_gazebo/install/setup.bash'
[1.145s] INFO:colcon.colcon_core.shell:Creating prefix script '/home/hri01/ros_bot_lt/src/learning_gazebo/install/local_setup.zsh'
[1.145s] INFO:colcon.colcon_core.shell:Creating prefix chain script '/home/hri01/ros_bot_lt/src/learning_gazebo/install/setup.zsh'
