-- The C compiler identification is GNU 11.4.0
-- The CXX compiler identification is GNU 11.4.0
-- Detecting C compiler ABI info
-- Detecting C compiler ABI info - done
-- Check for working C compiler: /usr/bin/cc - skipped
-- Detecting C compile features
-- Detecting C compile features - done
-- Detecting CXX compiler ABI info
-- Detecting CXX compiler ABI info - done
-- Check for working CXX compiler: /usr/bin/c++ - skipped
-- Detecting CXX compile features
-- Detecting CXX compile features - done
-- Found ament_cmake: 1.3.11 (/opt/ros/humble/share/ament_cmake/cmake)
-- Found Python3: /usr/bin/python3 (found version "3.10.12") found components: Interpreter 
-- Found rclcpp: 16.0.11 (/opt/ros/humble/share/rclcpp/cmake)
-- Found rosidl_generator_c: 3.1.6 (/opt/ros/humble/share/rosidl_generator_c/cmake)
-- Found rosidl_adapter: 3.1.6 (/opt/ros/humble/share/rosidl_adapter/cmake)
-- Found rosidl_generator_cpp: 3.1.6 (/opt/ros/humble/share/rosidl_generator_cpp/cmake)
-- Using all available rosidl_typesupport_c: rosidl_typesupport_fastrtps_c;rosidl_typesupport_introspection_c
-- Using all available rosidl_typesupport_cpp: rosidl_typesupport_fastrtps_cpp;rosidl_typesupport_introspection_cpp
-- Found rmw_implementation_cmake: 6.1.2 (/opt/ros/humble/share/rmw_implementation_cmake/cmake)
-- Found rmw_fastrtps_cpp: 6.2.7 (/opt/ros/humble/share/rmw_fastrtps_cpp/cmake)
-- Found OpenSSL: /usr/lib/x86_64-linux-gnu/libcrypto.so (found version "3.0.2")  
-- Found FastRTPS: /opt/ros/humble/include  
-- Using RMW implementation 'rmw_fastrtps_cpp' as default
-- Looking for pthread.h
-- Looking for pthread.h - found
-- Performing Test CMAKE_HAVE_LIBC_PTHREAD
-- Performing Test CMAKE_HAVE_LIBC_PTHREAD - Success
-- Found Threads: TRUE  
-- Found sensor_msgs: 4.2.4 (/opt/ros/humble/share/sensor_msgs/cmake)
-- Found tf2: 0.25.12 (/opt/ros/humble/share/tf2/cmake)
-- Found tf2_ros: 0.25.12 (/opt/ros/humble/share/tf2_ros/cmake)
-- Configuring done
-- Generating done
-- Build files have been written to: /home/hri01/ws/build/laser_to_pointcloud
[ 50%] [32mBuilding CXX object CMakeFiles/laser_to_pointcloud_node.dir/src/laser_to_pointcloud_node.cpp.o[0m
[100%] [32m[1mLinking CXX executable laser_to_pointcloud_node[0m
[100%] Built target laser_to_pointcloud_node
-- Install configuration: ""
-- Installing: /home/hri01/ws/install/laser_to_pointcloud/lib/laser_to_pointcloud/laser_to_pointcloud_node
-- Set runtime path of "/home/hri01/ws/install/laser_to_pointcloud/lib/laser_to_pointcloud/laser_to_pointcloud_node" to ""
-- Installing: /home/hri01/ws/install/laser_to_pointcloud/share/ament_index/resource_index/package_run_dependencies/laser_to_pointcloud
-- Installing: /home/hri01/ws/install/laser_to_pointcloud/share/ament_index/resource_index/parent_prefix_path/laser_to_pointcloud
-- Installing: /home/hri01/ws/install/laser_to_pointcloud/share/laser_to_pointcloud/environment/ament_prefix_path.sh
-- Installing: /home/hri01/ws/install/laser_to_pointcloud/share/laser_to_pointcloud/environment/ament_prefix_path.dsv
-- Installing: /home/hri01/ws/install/laser_to_pointcloud/share/laser_to_pointcloud/environment/path.sh
-- Installing: /home/hri01/ws/install/laser_to_pointcloud/share/laser_to_pointcloud/environment/path.dsv
-- Installing: /home/hri01/ws/install/laser_to_pointcloud/share/laser_to_pointcloud/local_setup.bash
-- Installing: /home/hri01/ws/install/laser_to_pointcloud/share/laser_to_pointcloud/local_setup.sh
-- Installing: /home/hri01/ws/install/laser_to_pointcloud/share/laser_to_pointcloud/local_setup.zsh
-- Installing: /home/hri01/ws/install/laser_to_pointcloud/share/laser_to_pointcloud/local_setup.dsv
-- Installing: /home/hri01/ws/install/laser_to_pointcloud/share/laser_to_pointcloud/package.dsv
-- Installing: /home/hri01/ws/install/laser_to_pointcloud/share/ament_index/resource_index/packages/laser_to_pointcloud
-- Installing: /home/hri01/ws/install/laser_to_pointcloud/share/laser_to_pointcloud/cmake/laser_to_pointcloudConfig.cmake
-- Installing: /home/hri01/ws/install/laser_to_pointcloud/share/laser_to_pointcloud/cmake/laser_to_pointcloudConfig-version.cmake
-- Installing: /home/hri01/ws/install/laser_to_pointcloud/share/laser_to_pointcloud/package.xml
