[0.008s] Invoking command in '/home/hri01/ws/build/laser_to_pointcloud': CMAKE_PREFIX_PATH=${CMAKE_PREFIX_PATH}:/home/hri01/robot_ws/install/uart_sdk:/home/hri01/robot_ws/install/topic_pkg:/home/hri01/robot_ws/install/safety_limiter:/home/hri01/robot_ws/install/learning_urdf:/home/hri01/robot_ws/install/learning_topic:/home/hri01/robot_ws/install/learning_tf:/home/hri01/robot_ws/install/learning_service:/home/hri01/robot_ws/install/learning_qos:/home/hri01/robot_ws/install/learning_pkg_python:/home/hri01/robot_ws/install/learning_parameter:/home/hri01/robot_ws/install/learning_node:/home/hri01/robot_ws/install/learning_launch:/home/hri01/robot_ws/install/learning_action:/home/hri01/robot_ws/install/learning_gazebo_harmonic:/home/hri01/robot_ws/install/learning_gazebo:/home/hri01/robot_ws/install/learning_cv:/home/hri01/robot_ws/install/eye_expression_pkg:/opt/ros/humble /usr/bin/cmake /home/hri01/ws -DCMAKE_INSTALL_PREFIX=/home/hri01/ws/install/laser_to_pointcloud
[0.063s] -- The C compiler identification is GNU 11.4.0
[0.121s] -- The CXX compiler identification is GNU 11.4.0
[0.130s] -- Detecting C compiler ABI info
[0.200s] -- Detecting C compiler ABI info - done
[0.210s] -- Check for working C compiler: /usr/bin/cc - skipped
[0.210s] -- Detecting C compile features
[0.211s] -- Detecting C compile features - done
[0.214s] -- Detecting CXX compiler ABI info
[0.301s] -- Detecting CXX compiler ABI info - done
[0.306s] -- Check for working CXX compiler: /usr/bin/c++ - skipped
[0.306s] -- Detecting CXX compile features
[0.306s] -- Detecting CXX compile features - done
[0.309s] -- Found ament_cmake: 1.3.11 (/opt/ros/humble/share/ament_cmake/cmake)
[0.463s] -- Found Python3: /usr/bin/python3 (found version "3.10.12") found components: Interpreter 
[0.557s] -- Found rclcpp: 16.0.11 (/opt/ros/humble/share/rclcpp/cmake)
[0.599s] -- Found rosidl_generator_c: 3.1.6 (/opt/ros/humble/share/rosidl_generator_c/cmake)
[0.605s] -- Found rosidl_adapter: 3.1.6 (/opt/ros/humble/share/rosidl_adapter/cmake)
[0.613s] -- Found rosidl_generator_cpp: 3.1.6 (/opt/ros/humble/share/rosidl_generator_cpp/cmake)
[0.624s] -- Using all available rosidl_typesupport_c: rosidl_typesupport_fastrtps_c;rosidl_typesupport_introspection_c
[0.647s] -- Using all available rosidl_typesupport_cpp: rosidl_typesupport_fastrtps_cpp;rosidl_typesupport_introspection_cpp
[0.687s] -- Found rmw_implementation_cmake: 6.1.2 (/opt/ros/humble/share/rmw_implementation_cmake/cmake)
[0.690s] -- Found rmw_fastrtps_cpp: 6.2.7 (/opt/ros/humble/share/rmw_fastrtps_cpp/cmake)
[0.776s] -- Found OpenSSL: /usr/lib/x86_64-linux-gnu/libcrypto.so (found version "3.0.2")  
[0.817s] -- Found FastRTPS: /opt/ros/humble/include  
[0.858s] -- Using RMW implementation 'rmw_fastrtps_cpp' as default
[0.879s] -- Looking for pthread.h
[0.964s] -- Looking for pthread.h - found
[0.964s] -- Performing Test CMAKE_HAVE_LIBC_PTHREAD
[1.039s] -- Performing Test CMAKE_HAVE_LIBC_PTHREAD - Success
[1.041s] -- Found Threads: TRUE  
[1.084s] -- Found sensor_msgs: 4.2.4 (/opt/ros/humble/share/sensor_msgs/cmake)
[1.105s] -- Found tf2: 0.25.12 (/opt/ros/humble/share/tf2/cmake)
[1.114s] -- Found tf2_ros: 0.25.12 (/opt/ros/humble/share/tf2_ros/cmake)
[1.231s] -- Configuring done
[1.244s] -- Generating done
[1.249s] -- Build files have been written to: /home/hri01/ws/build/laser_to_pointcloud
[1.259s] Invoked command in '/home/hri01/ws/build/laser_to_pointcloud' returned '0': CMAKE_PREFIX_PATH=${CMAKE_PREFIX_PATH}:/home/hri01/robot_ws/install/uart_sdk:/home/hri01/robot_ws/install/topic_pkg:/home/hri01/robot_ws/install/safety_limiter:/home/hri01/robot_ws/install/learning_urdf:/home/hri01/robot_ws/install/learning_topic:/home/hri01/robot_ws/install/learning_tf:/home/hri01/robot_ws/install/learning_service:/home/hri01/robot_ws/install/learning_qos:/home/hri01/robot_ws/install/learning_pkg_python:/home/hri01/robot_ws/install/learning_parameter:/home/hri01/robot_ws/install/learning_node:/home/hri01/robot_ws/install/learning_launch:/home/hri01/robot_ws/install/learning_action:/home/hri01/robot_ws/install/learning_gazebo_harmonic:/home/hri01/robot_ws/install/learning_gazebo:/home/hri01/robot_ws/install/learning_cv:/home/hri01/robot_ws/install/eye_expression_pkg:/opt/ros/humble /usr/bin/cmake /home/hri01/ws -DCMAKE_INSTALL_PREFIX=/home/hri01/ws/install/laser_to_pointcloud
[1.261s] Invoking command in '/home/hri01/ws/build/laser_to_pointcloud': CMAKE_PREFIX_PATH=${CMAKE_PREFIX_PATH}:/home/hri01/robot_ws/install/uart_sdk:/home/hri01/robot_ws/install/topic_pkg:/home/hri01/robot_ws/install/safety_limiter:/home/hri01/robot_ws/install/learning_urdf:/home/hri01/robot_ws/install/learning_topic:/home/hri01/robot_ws/install/learning_tf:/home/hri01/robot_ws/install/learning_service:/home/hri01/robot_ws/install/learning_qos:/home/hri01/robot_ws/install/learning_pkg_python:/home/hri01/robot_ws/install/learning_parameter:/home/hri01/robot_ws/install/learning_node:/home/hri01/robot_ws/install/learning_launch:/home/hri01/robot_ws/install/learning_action:/home/hri01/robot_ws/install/learning_gazebo_harmonic:/home/hri01/robot_ws/install/learning_gazebo:/home/hri01/robot_ws/install/learning_cv:/home/hri01/robot_ws/install/eye_expression_pkg:/opt/ros/humble /usr/bin/cmake --build /home/hri01/ws/build/laser_to_pointcloud -- -j18 -l18
[1.325s] [ 50%] [32mBuilding CXX object CMakeFiles/laser_to_pointcloud_node.dir/src/laser_to_pointcloud_node.cpp.o[0m
[8.664s] [100%] [32m[1mLinking CXX executable laser_to_pointcloud_node[0m
[9.166s] [100%] Built target laser_to_pointcloud_node
[9.182s] Invoked command in '/home/hri01/ws/build/laser_to_pointcloud' returned '0': CMAKE_PREFIX_PATH=${CMAKE_PREFIX_PATH}:/home/hri01/robot_ws/install/uart_sdk:/home/hri01/robot_ws/install/topic_pkg:/home/hri01/robot_ws/install/safety_limiter:/home/hri01/robot_ws/install/learning_urdf:/home/hri01/robot_ws/install/learning_topic:/home/hri01/robot_ws/install/learning_tf:/home/hri01/robot_ws/install/learning_service:/home/hri01/robot_ws/install/learning_qos:/home/hri01/robot_ws/install/learning_pkg_python:/home/hri01/robot_ws/install/learning_parameter:/home/hri01/robot_ws/install/learning_node:/home/hri01/robot_ws/install/learning_launch:/home/hri01/robot_ws/install/learning_action:/home/hri01/robot_ws/install/learning_gazebo_harmonic:/home/hri01/robot_ws/install/learning_gazebo:/home/hri01/robot_ws/install/learning_cv:/home/hri01/robot_ws/install/eye_expression_pkg:/opt/ros/humble /usr/bin/cmake --build /home/hri01/ws/build/laser_to_pointcloud -- -j18 -l18
[9.195s] Invoking command in '/home/hri01/ws/build/laser_to_pointcloud': CMAKE_PREFIX_PATH=${CMAKE_PREFIX_PATH}:/home/hri01/robot_ws/install/uart_sdk:/home/hri01/robot_ws/install/topic_pkg:/home/hri01/robot_ws/install/safety_limiter:/home/hri01/robot_ws/install/learning_urdf:/home/hri01/robot_ws/install/learning_topic:/home/hri01/robot_ws/install/learning_tf:/home/hri01/robot_ws/install/learning_service:/home/hri01/robot_ws/install/learning_qos:/home/hri01/robot_ws/install/learning_pkg_python:/home/hri01/robot_ws/install/learning_parameter:/home/hri01/robot_ws/install/learning_node:/home/hri01/robot_ws/install/learning_launch:/home/hri01/robot_ws/install/learning_action:/home/hri01/robot_ws/install/learning_gazebo_harmonic:/home/hri01/robot_ws/install/learning_gazebo:/home/hri01/robot_ws/install/learning_cv:/home/hri01/robot_ws/install/eye_expression_pkg:/opt/ros/humble /usr/bin/cmake --install /home/hri01/ws/build/laser_to_pointcloud
[9.207s] -- Install configuration: ""
[9.207s] -- Installing: /home/hri01/ws/install/laser_to_pointcloud/lib/laser_to_pointcloud/laser_to_pointcloud_node
[9.212s] -- Set runtime path of "/home/hri01/ws/install/laser_to_pointcloud/lib/laser_to_pointcloud/laser_to_pointcloud_node" to ""
[9.212s] -- Installing: /home/hri01/ws/install/laser_to_pointcloud/share/ament_index/resource_index/package_run_dependencies/laser_to_pointcloud
[9.212s] -- Installing: /home/hri01/ws/install/laser_to_pointcloud/share/ament_index/resource_index/parent_prefix_path/laser_to_pointcloud
[9.212s] -- Installing: /home/hri01/ws/install/laser_to_pointcloud/share/laser_to_pointcloud/environment/ament_prefix_path.sh
[9.213s] -- Installing: /home/hri01/ws/install/laser_to_pointcloud/share/laser_to_pointcloud/environment/ament_prefix_path.dsv
[9.213s] -- Installing: /home/hri01/ws/install/laser_to_pointcloud/share/laser_to_pointcloud/environment/path.sh
[9.213s] -- Installing: /home/hri01/ws/install/laser_to_pointcloud/share/laser_to_pointcloud/environment/path.dsv
[9.213s] -- Installing: /home/hri01/ws/install/laser_to_pointcloud/share/laser_to_pointcloud/local_setup.bash
[9.213s] -- Installing: /home/hri01/ws/install/laser_to_pointcloud/share/laser_to_pointcloud/local_setup.sh
[9.213s] -- Installing: /home/hri01/ws/install/laser_to_pointcloud/share/laser_to_pointcloud/local_setup.zsh
[9.213s] -- Installing: /home/hri01/ws/install/laser_to_pointcloud/share/laser_to_pointcloud/local_setup.dsv
[9.214s] -- Installing: /home/hri01/ws/install/laser_to_pointcloud/share/laser_to_pointcloud/package.dsv
[9.214s] -- Installing: /home/hri01/ws/install/laser_to_pointcloud/share/ament_index/resource_index/packages/laser_to_pointcloud
[9.214s] -- Installing: /home/hri01/ws/install/laser_to_pointcloud/share/laser_to_pointcloud/cmake/laser_to_pointcloudConfig.cmake
[9.214s] -- Installing: /home/hri01/ws/install/laser_to_pointcloud/share/laser_to_pointcloud/cmake/laser_to_pointcloudConfig-version.cmake
[9.214s] -- Installing: /home/hri01/ws/install/laser_to_pointcloud/share/laser_to_pointcloud/package.xml
[9.217s] Invoked command in '/home/hri01/ws/build/laser_to_pointcloud' returned '0': CMAKE_PREFIX_PATH=${CMAKE_PREFIX_PATH}:/home/hri01/robot_ws/install/uart_sdk:/home/hri01/robot_ws/install/topic_pkg:/home/hri01/robot_ws/install/safety_limiter:/home/hri01/robot_ws/install/learning_urdf:/home/hri01/robot_ws/install/learning_topic:/home/hri01/robot_ws/install/learning_tf:/home/hri01/robot_ws/install/learning_service:/home/hri01/robot_ws/install/learning_qos:/home/hri01/robot_ws/install/learning_pkg_python:/home/hri01/robot_ws/install/learning_parameter:/home/hri01/robot_ws/install/learning_node:/home/hri01/robot_ws/install/learning_launch:/home/hri01/robot_ws/install/learning_action:/home/hri01/robot_ws/install/learning_gazebo_harmonic:/home/hri01/robot_ws/install/learning_gazebo:/home/hri01/robot_ws/install/learning_cv:/home/hri01/robot_ws/install/eye_expression_pkg:/opt/ros/humble /usr/bin/cmake --install /home/hri01/ws/build/laser_to_pointcloud
